{"uid":"aa837658b8aa3ecf","name":"Check that user is able to downvote 'Related' title","historyId":"462da70acd80e85ced1ae04b0fcb65d6","time":{"start":1693233031310,"stop":1693233033138,"duration":1828},"status":"failed","statusMessage":"AssertionError","statusTrace":"AssertionError\n    + expected - actual\n\n    -3\n    +1\n\n    at World.<anonymous> (file:///C:/Users/Alexandra/Mangalib%20project/features/e2e/step-definitions/assertions.js:118:37)\n    at process.processTicksAndRejections (node:internal/process/task_queues:95:5)\n    at async wrapPromiseWithTimeout (C:\\Users\\Alexandra\\Mangalib project\\node_modules\\@cucumber\\cucumber\\lib\\time.js:57:12)\n    at async Object.run (C:\\Users\\Alexandra\\Mangalib project\\node_modules\\@cucumber\\cucumber\\lib\\user_code_runner.js:64:22)\n    at async Object.run (C:\\Users\\Alexandra\\Mangalib project\\node_modules\\@cucumber\\cucumber\\lib\\runtime\\step_runner.js:51:26)\n    at async TestCaseRunner.invokeStep (C:\\Users\\Alexandra\\Mangalib project\\node_modules\\@cucumber\\cucumber\\lib\\runtime\\test_case_runner.js:95:16)\n    at async TestCaseRunner.runStep (C:\\Users\\Alexandra\\Mangalib project\\node_modules\\@cucumber\\cucumber\\lib\\runtime\\test_case_runner.js:244:26)\n    at async C:\\Users\\Alexandra\\Mangalib project\\node_modules\\@cucumber\\cucumber\\lib\\runtime\\test_case_runner.js:175:44\n    at async TestCaseRunner.aroundTestStep (C:\\Users\\Alexandra\\Mangalib project\\node_modules\\@cucumber\\cucumber\\lib\\runtime\\test_case_runner.js:120:32)\n    at async TestCaseRunner.runAttempt (C:\\Users\\Alexandra\\Mangalib project\\node_modules\\@cucumber\\cucumber\\lib\\runtime\\test_case_runner.js:158:13)\n    at async TestCaseRunner.run (C:\\Users\\Alexandra\\Mangalib project\\node_modules\\@cucumber\\cucumber\\lib\\runtime\\test_case_runner.js:136:35)\n    at async Runtime.runTestCase (C:\\Users\\Alexandra\\Mangalib project\\node_modules\\@cucumber\\cucumber\\lib\\runtime\\index.js:40:24)\n    at async Runtime.start (C:\\Users\\Alexandra\\Mangalib project\\node_modules\\@cucumber\\cucumber\\lib\\runtime\\index.js:61:13)","flaky":false,"newFailed":false,"newBroken":false,"newPassed":false,"retriesCount":0,"retriesStatusChange":false,"beforeStages":[],"testStage":{"status":"failed","statusMessage":"AssertionError","statusTrace":"AssertionError\n    + expected - actual\n\n    -3\n    +1\n\n    at World.<anonymous> (file:///C:/Users/Alexandra/Mangalib%20project/features/e2e/step-definitions/assertions.js:118:37)\n    at process.processTicksAndRejections (node:internal/process/task_queues:95:5)\n    at async wrapPromiseWithTimeout (C:\\Users\\Alexandra\\Mangalib project\\node_modules\\@cucumber\\cucumber\\lib\\time.js:57:12)\n    at async Object.run (C:\\Users\\Alexandra\\Mangalib project\\node_modules\\@cucumber\\cucumber\\lib\\user_code_runner.js:64:22)\n    at async Object.run (C:\\Users\\Alexandra\\Mangalib project\\node_modules\\@cucumber\\cucumber\\lib\\runtime\\step_runner.js:51:26)\n    at async TestCaseRunner.invokeStep (C:\\Users\\Alexandra\\Mangalib project\\node_modules\\@cucumber\\cucumber\\lib\\runtime\\test_case_runner.js:95:16)\n    at async TestCaseRunner.runStep (C:\\Users\\Alexandra\\Mangalib project\\node_modules\\@cucumber\\cucumber\\lib\\runtime\\test_case_runner.js:244:26)\n    at async C:\\Users\\Alexandra\\Mangalib project\\node_modules\\@cucumber\\cucumber\\lib\\runtime\\test_case_runner.js:175:44\n    at async TestCaseRunner.aroundTestStep (C:\\Users\\Alexandra\\Mangalib project\\node_modules\\@cucumber\\cucumber\\lib\\runtime\\test_case_runner.js:120:32)\n    at async TestCaseRunner.runAttempt (C:\\Users\\Alexandra\\Mangalib project\\node_modules\\@cucumber\\cucumber\\lib\\runtime\\test_case_runner.js:158:13)\n    at async TestCaseRunner.run (C:\\Users\\Alexandra\\Mangalib project\\node_modules\\@cucumber\\cucumber\\lib\\runtime\\test_case_runner.js:136:35)\n    at async Runtime.runTestCase (C:\\Users\\Alexandra\\Mangalib project\\node_modules\\@cucumber\\cucumber\\lib\\runtime\\index.js:40:24)\n    at async Runtime.start (C:\\Users\\Alexandra\\Mangalib project\\node_modules\\@cucumber\\cucumber\\lib\\runtime\\index.js:61:13)","steps":[{"name":"Given I navigate to https://mangalib.me/basara","time":{"start":1693233031311,"stop":1693233031826,"duration":515},"status":"passed","steps":[],"attachments":[],"parameters":[],"hasContent":false,"stepsCount":0,"shouldDisplayMessage":false,"attachmentsCount":0},{"name":"When I downvote related title","time":{"start":1693233031826,"stop":1693233032940,"duration":1114},"status":"passed","steps":[],"attachments":[],"parameters":[],"hasContent":false,"stepsCount":0,"shouldDisplayMessage":false,"attachmentsCount":0},{"name":"Then I expect votes count to go down by 1","time":{"start":1693233032940,"stop":1693233033137,"duration":197},"status":"failed","statusMessage":"AssertionError","statusTrace":"AssertionError\n    + expected - actual\n\n    -3\n    +1\n\n    at World.<anonymous> (file:///C:/Users/Alexandra/Mangalib%20project/features/e2e/step-definitions/assertions.js:118:37)\n    at process.processTicksAndRejections (node:internal/process/task_queues:95:5)\n    at async wrapPromiseWithTimeout (C:\\Users\\Alexandra\\Mangalib project\\node_modules\\@cucumber\\cucumber\\lib\\time.js:57:12)\n    at async Object.run (C:\\Users\\Alexandra\\Mangalib project\\node_modules\\@cucumber\\cucumber\\lib\\user_code_runner.js:64:22)\n    at async Object.run (C:\\Users\\Alexandra\\Mangalib project\\node_modules\\@cucumber\\cucumber\\lib\\runtime\\step_runner.js:51:26)\n    at async TestCaseRunner.invokeStep (C:\\Users\\Alexandra\\Mangalib project\\node_modules\\@cucumber\\cucumber\\lib\\runtime\\test_case_runner.js:95:16)\n    at async TestCaseRunner.runStep (C:\\Users\\Alexandra\\Mangalib project\\node_modules\\@cucumber\\cucumber\\lib\\runtime\\test_case_runner.js:244:26)\n    at async C:\\Users\\Alexandra\\Mangalib project\\node_modules\\@cucumber\\cucumber\\lib\\runtime\\test_case_runner.js:175:44\n    at async TestCaseRunner.aroundTestStep (C:\\Users\\Alexandra\\Mangalib project\\node_modules\\@cucumber\\cucumber\\lib\\runtime\\test_case_runner.js:120:32)\n    at async TestCaseRunner.runAttempt (C:\\Users\\Alexandra\\Mangalib project\\node_modules\\@cucumber\\cucumber\\lib\\runtime\\test_case_runner.js:158:13)\n    at async TestCaseRunner.run (C:\\Users\\Alexandra\\Mangalib project\\node_modules\\@cucumber\\cucumber\\lib\\runtime\\test_case_runner.js:136:35)\n    at async Runtime.runTestCase (C:\\Users\\Alexandra\\Mangalib project\\node_modules\\@cucumber\\cucumber\\lib\\runtime\\index.js:40:24)\n    at async Runtime.start (C:\\Users\\Alexandra\\Mangalib project\\node_modules\\@cucumber\\cucumber\\lib\\runtime\\index.js:61:13)","steps":[],"attachments":[{"uid":"be15bea5fdbe78c3","name":"Screenshot","source":"be15bea5fdbe78c3.png","type":"image/png","size":562278}],"parameters":[],"hasContent":true,"stepsCount":0,"shouldDisplayMessage":true,"attachmentsCount":1}],"attachments":[],"parameters":[],"hasContent":true,"stepsCount":3,"shouldDisplayMessage":false,"attachmentsCount":1},"afterStages":[],"labels":[{"name":"language","value":"javascript"},{"name":"framework","value":"wdio"},{"name":"package","value":"C:.Users.Alexandra.Mangalib project.features.e2e.interactionWithTitle.feature"},{"name":"thread","value":"0-2"},{"name":"suite","value":"Interaction with Title"},{"name":"feature","value":"Interaction with Title"},{"name":"resultFormat","value":"allure2"}],"parameters":[{"name":"browser","value":"chrome-116.0.5845.97"}],"links":[],"hidden":true,"retry":true,"extra":{"categories":[],"tags":[]},"source":"aa837658b8aa3ecf.json","parameterValues":["chrome-116.0.5845.97"]}